[0m[[0m[0mdebug[0m] [0m[0m> Exec(testOnly OscarCalculatorTest, None, None)[0m
[0m[[0m[0mdebug[0m] [0m[0mEvaluating tasks: Test / testOnly[0m
[0m[[0m[0mdebug[0m] [0m[0mRunning task... Cancel: Signal, check cycles: false, forcegc: true[0m
[0m[[0m[0minfo[0m] [0m[0mcompiling 5 Scala sources to /Users/benczel/Documents/Projects/Own/datapao_homework/imdb/target/scala-2.13/test-classes ...[0m
[0m[[0m[31merror[0m] [0m[0m/Users/benczel/Documents/Projects/Own/datapao_homework/imdb/src/test/scala/hu/datapao/imdb/ReviewPenalizerTest.scala:18:19: not enough arguments for method apply: (title: hu.datapao.imdb.model.Title, numberOfOscars: hu.datapao.imdb.model.Oscars, numberOfRatings: hu.datapao.imdb.model.NumberOfRatings, rating: hu.datapao.imdb.model.Rating, newRating: hu.datapao.imdb.model.Rating): hu.datapao.imdb.model.DataPaoMovie in object DataPaoMovie.[0m
[0m[[0m[31merror[0m] [0m[0mUnspecified value parameter newRating.[0m
[0m[[0m[31merror[0m] [0m[0m      DataPaoMovie("The Shawshank Redemption",7, 2700000,9.3),[0m
[0m[[0m[31merror[0m] [0m[0m                  ^[0m
[0m[[0m[31merror[0m] [0m[0m/Users/benczel/Documents/Projects/Own/datapao_homework/imdb/src/test/scala/hu/datapao/imdb/ReviewPenalizerTest.scala:19:19: not enough arguments for method apply: (title: hu.datapao.imdb.model.Title, numberOfOscars: hu.datapao.imdb.model.Oscars, numberOfRatings: hu.datapao.imdb.model.NumberOfRatings, rating: hu.datapao.imdb.model.Rating, newRating: hu.datapao.imdb.model.Rating): hu.datapao.imdb.model.DataPaoMovie in object DataPaoMovie.[0m
[0m[[0m[31merror[0m] [0m[0mUnspecified value parameter newRating.[0m
[0m[[0m[31merror[0m] [0m[0m      DataPaoMovie("The Godfather", 3, 1900000, 9.2),[0m
[0m[[0m[31merror[0m] [0m[0m                  ^[0m
[0m[[0m[31merror[0m] [0m[0m/Users/benczel/Documents/Projects/Own/datapao_homework/imdb/src/test/scala/hu/datapao/imdb/ReviewPenalizerTest.scala:20:19: not enough arguments for method apply: (title: hu.datapao.imdb.model.Title, numberOfOscars: hu.datapao.imdb.model.Oscars, numberOfRatings: hu.datapao.imdb.model.NumberOfRatings, rating: hu.datapao.imdb.model.Rating, newRating: hu.datapao.imdb.model.Rating): hu.datapao.imdb.model.DataPaoMovie in object DataPaoMovie.[0m
[0m[[0m[31merror[0m] [0m[0mUnspecified value parameter newRating.[0m
[0m[[0m[31merror[0m] [0m[0m      DataPaoMovie("The Dark Knight",2, 2700000, 9.0 ),[0m
[0m[[0m[31merror[0m] [0m[0m                  ^[0m
[0m[[0m[31merror[0m] [0m[0m/Users/benczel/Documents/Projects/Own/datapao_homework/imdb/src/test/scala/hu/datapao/imdb/ReviewPenalizerTest.scala:21:19: not enough arguments for method apply: (title: hu.datapao.imdb.model.Title, numberOfOscars: hu.datapao.imdb.model.Oscars, numberOfRatings: hu.datapao.imdb.model.NumberOfRatings, rating: hu.datapao.imdb.model.Rating, newRating: hu.datapao.imdb.model.Rating): hu.datapao.imdb.model.DataPaoMovie in object DataPaoMovie.[0m
[0m[[0m[31merror[0m] [0m[0mUnspecified value parameter newRating.[0m
[0m[[0m[31merror[0m] [0m[0m      DataPaoMovie("The Godfather Part II",6, 1300000, 9),[0m
[0m[[0m[31merror[0m] [0m[0m                  ^[0m
[0m[[0m[31merror[0m] [0m[0m/Users/benczel/Documents/Projects/Own/datapao_homework/imdb/src/test/scala/hu/datapao/imdb/ReviewPenalizerTest.scala:22:19: not enough arguments for method apply: (title: hu.datapao.imdb.model.Title, numberOfOscars: hu.datapao.imdb.model.Oscars, numberOfRatings: hu.datapao.imdb.model.NumberOfRatings, rating: hu.datapao.imdb.model.Rating, newRating: hu.datapao.imdb.model.Rating): hu.datapao.imdb.model.DataPaoMovie in object DataPaoMovie.[0m
[0m[[0m[31merror[0m] [0m[0mUnspecified value parameter newRating.[0m
[0m[[0m[31merror[0m] [0m[0m      DataPaoMovie("12 Angry Men", 3, 803000, 9)[0m
[0m[[0m[31merror[0m] [0m[0m                  ^[0m
[0m[[0m[31merror[0m] [0m[0m/Users/benczel/Documents/Projects/Own/datapao_homework/imdb/src/test/scala/hu/datapao/imdb/ReviewPenalizerTest.scala:38:28: value < is not a member of hu.datapao.imdb.model.Rating[0m
[0m[[0m[31merror[0m] [0m[0m    assert(movie.newRating < movie.rating )[0m
[0m[[0m[31merror[0m] [0m[0m                           ^[0m
[0m[[0m[31merror[0m] [0m[0m6 errors found[0m
[0m[[0m[31merror[0m] [0m[0m(Test / [31mcompileIncremental[0m) Compilation failed[0m
[0m[[0m[31merror[0m] [0m[0mTotal time: 1 s, completed Apr 4, 2023 11:23:06 PM[0m
[0m[[0m[0mdebug[0m] [0m[0m> Exec(idea-shell, None, None)[0m
