[0m[[0m[0mdebug[0m] [0m[0m> Exec(test, None, None)[0m
[0m[[0m[0mdebug[0m] [0m[0mEvaluating tasks: Test / test[0m
[0m[[0m[0mdebug[0m] [0m[0mRunning task... Cancel: Signal, check cycles: false, forcegc: true[0m
[0m[[0m[0minfo[0m] [0m[0mcompiling 1 Scala source to /Users/benczel/Documents/Projects/Own/datapao_homework/imdb/target/scala-2.13/test-classes ...[0m
[0m[[0m[0minfo[0m] [0m[0mdone compiling[0m
[0m[[0m[0minfo[0m] [0m[0m[32mReviewPenalizerTest:[0m[0m
[0m[[0m[0minfo[0m] [0m[0m[32m- The Shawshank Redemption's new rating is the same as the old[0m[0m
[0m[[0m[0minfo[0m] [0m[0m[32m- 12 Angry Men's new rating is smaller than the old one[0m[0m
[0m[[0m[0minfo[0m] [0m[0m[32m- The Godfather's new rating is 8.4[0m[0m
[0m[[0m[0minfo[0m] [0m[0m[32mOscarCalculatorTest:[0m[0m
[0m[[0m[0minfo[0m] [0m[0m[32m- if number of oscars is 0 and the rating is 7.5[0m[0m
[0m[[0m[0minfo[0m] [0m[0m[32m- if number of oscars is 4 and the rating is 7.5[0m[0m
[0m[[0m[0minfo[0m] [0m[0m[32m- if number of oscars is 10 and the rating is 7[0m[0m
[0m[[0m[0minfo[0m] [0m[0m[32m- if number of oscars is 11 and the rating is 7[0m[0m
[0m[[0m[0minfo[0m] [0m[0m[32m- if the newly core exceeds the 10[0m[0m
[0m[[0m[0minfo[0m] [0m[0m[32mTop250ParserTest:[0m[0m
[0m[[0m[0minfo[0m] [0m[0m[31mhu.datapao.imdb.Top250ParserTest *** ABORTED ***[0m[0m
[0m[[0m[0minfo[0m] [0m[0m[31m  org.jsoup.HttpStatusException: HTTP error fetching URL. Status=404, URL=[https://www.imdb.com/chart/to][0m[0m
[0m[[0m[0minfo[0m] [0m[0m[31m  at org.jsoup.helper.HttpConnection$Response.execute(HttpConnection.java:890)[0m[0m
[0m[[0m[0minfo[0m] [0m[0m[31m  at org.jsoup.helper.HttpConnection$Response.execute(HttpConnection.java:829)[0m[0m
[0m[[0m[0minfo[0m] [0m[0m[31m  at org.jsoup.helper.HttpConnection.execute(HttpConnection.java:366)[0m[0m
[0m[[0m[0minfo[0m] [0m[0m[31m  at net.ruippeixotog.scalascraper.browser.JsoupBrowser.executeRequest(JsoupBrowser.scala:85)[0m[0m
[0m[[0m[0minfo[0m] [0m[0m[31m  at net.ruippeixotog.scalascraper.browser.JsoupBrowser.$anonfun$executePipeline$3(JsoupBrowser.scala:96)[0m[0m
[0m[[0m[0minfo[0m] [0m[0m[31m  at scala.Function1.$anonfun$andThen$1(Function1.scala:87)[0m[0m
[0m[[0m[0minfo[0m] [0m[0m[31m  at scala.Function1.$anonfun$andThen$1(Function1.scala:87)[0m[0m
[0m[[0m[0minfo[0m] [0m[0m[31m  at net.ruippeixotog.scalascraper.browser.JsoupBrowser.get(JsoupBrowser.scala:39)[0m[0m
[0m[[0m[0minfo[0m] [0m[0m[31m  at net.ruippeixotog.scalascraper.browser.JsoupBrowser.get(JsoupBrowser.scala:33)[0m[0m
[0m[[0m[0minfo[0m] [0m[0m[31m  at hu.datapao.imdb.Top250ParserTest.$anonfun$new$1(Top250ParserTest.scala:21)[0m[0m
[0m[[0m[0minfo[0m] [0m[0m[31m  ...[0m[0m
[0m[[0m[0minfo[0m] [0m[0m[32mMoviePageParserTest:[0m[0m
[0m[[0m[0minfo[0m] [0m[0m[32m- the movie has not won Oscar[0m[0m
[0m[[0m[0minfo[0m] [0m[0m[32m- movie page title is TheShawshank Redemption/A remény rabjai[0m[0m
[0m[[0m[0minfo[0m] [0m[0m[32mImdbTest:[0m[0m
[0m[[0m[0minfo[0m] [0m[0m[31m- there is no internet *** FAILED ***[0m[0m
[0m[[0m[0minfo[0m] [0m[0m[31m  org.scalatest.exceptions.TestFailedException was thrown. (ImdbTest.scala:18)[0m[0m
[0m[[0m[0minfo[0m] [0m[0m[32m- if the result count is 250[0m[0m
[0m[[0m[0minfo[0m] [0m[0m[32m- if the get top is lower then 250 and higher then 1[0m[0m
[0m[[0m[0minfo[0m] [0m[0m[32m- if the get top is lower then 1[0m[0m
[0m[[0m[0minfo[0m] [0m[0m[32m- the top movie is The Shawshank Redemption/A remény rabjai[0m[0m
[0m[[0m[0minfo[0m] [0m[0m[31m- the top movie's number of ratings is 2,719,862 *** FAILED ***[0m[0m
[0m[[0m[0minfo[0m] [0m[0m[31m  2720825 did not equal 2719862 (ImdbTest.scala:64)[0m[0m
[0m[[0m[0minfo[0m] [0m[0m[32m- get movie details by url[0m[0m
[0m[[0m[0minfo[0m] [0m[0m[36mRun completed in 7 seconds, 926 milliseconds.[0m[0m
[0m[[0m[0minfo[0m] [0m[0m[36mTotal number of tests run: 17[0m[0m
[0m[[0m[0minfo[0m] [0m[0m[36mSuites: completed 4, aborted 1[0m[0m
[0m[[0m[0minfo[0m] [0m[0m[36mTests: succeeded 15, failed 2, canceled 0, ignored 0, pending 0[0m[0m
[0m[[0m[0minfo[0m] [0m[0m[31m*** 1 SUITE ABORTED ***[0m[0m
[0m[[0m[0minfo[0m] [0m[0m[31m*** 2 TESTS FAILED ***[0m[0m
[0m[[0m[31merror[0m] [0m[0mFailed tests:[0m
[0m[[0m[31merror[0m] [0m[0m	hu.datapao.imdb.ImdbTest[0m
[0m[[0m[31merror[0m] [0m[0mError during tests:[0m
[0m[[0m[31merror[0m] [0m[0m	hu.datapao.imdb.Top250ParserTest[0m
[0m[[0m[31merror[0m] [0m[0m(Test / [31mtest[0m) sbt.TestsFailedException: Tests unsuccessful[0m
[0m[[0m[31merror[0m] [0m[0mTotal time: 11 s, completed Mar 30, 2023 9:46:44 PM[0m
[0m[[0m[0mdebug[0m] [0m[0m> Exec(idea-shell, None, None)[0m
